Build started 5/29/2014 5:56:40 PM.
     1>Project "C:\Users\David\New folder\Dropbox\Software Projects\Mop!\dev\GL POC\ShaderFUn\ShaderFUn\ShaderFUn.vcxproj" on node 2 (Build target(s)).
     1>InitializeBuildStatus:
         Creating "Debug\ShaderFUn.tlog\unsuccessfulbuild" because "AlwaysCreate" was specified.
       ClCompile:
         C:\Program Files (x86)\Microsoft Visual Studio 12.0\VC\bin\CL.exe /c /I"C:\Users\David\New folder\Dropbox\Software Projects\Mop!\dev\GL POC\ShaderFUn\\..\..\Includes\GL" /I"C:\Users\David\New folder\Dropbox\Software Projects\Mop!\dev\GL POC\ShaderFUn\\..\..\Includes\\" /I"C:\Users\David\New folder\Dropbox\Software Projects\Mop!\dev\GL POC\ShaderFUn\\..\..\Includes\GL" /I"C:\Users\David\New folder\Dropbox\Software Projects\Mop!\dev\GL POC\ShaderFUn\\..\..\Includes\\" /I"C:\Program Files (x86)\Microsoft Visual Studio 12.0\VC\include" /I"C:\Program Files (x86)\Microsoft Visual Studio 12.0\VC\atlmfc\include" /I"C:\Program Files (x86)\Windows Kits\8.1\Include\um" /I"C:\Program Files (x86)\Windows Kits\8.1\Include\shared" /I"C:\Program Files (x86)\Windows Kits\8.1\Include\winrt" /ZI /nologo /W3 /WX- /sdl /Od /Oy- /D WIN32 /D _DEBUG /D _CONSOLE /D _LIB /D _CRT_SECURE_NO_WARNINGS /D _UNICODE /D UNICODE /Gm /EHsc /RTC1 /MDd /GS /fp:precise /Zc:wchar_t /Zc:forScope /Fo"Debug\\" /Fd"Debug\vc120.pdb" /Gd /TP /analyze- /errorReport:prompt main.cpp
         main.cpp
     1>c:\users\david\new folder\dropbox\software projects\mop!\dev\includes\chipmunk\cpbb.h(98): warning C4056: overflow in floating-point constant arithmetic
     1>c:\users\david\new folder\dropbox\software projects\mop!\dev\includes\chipmunk\cpbb.h(104): warning C4056: overflow in floating-point constant arithmetic
       Link:
         C:\Program Files (x86)\Microsoft Visual Studio 12.0\VC\bin\link.exe /ERRORREPORT:PROMPT /OUT:"C:\Users\David\New folder\Dropbox\Software Projects\Mop!\dev\GL POC\ShaderFUn\Debug\ShaderFUn.exe" /INCREMENTAL /NOLOGO "C:\Users\David\New folder\Dropbox\Software Projects\Mop!\dev\GL POC\ShaderFUn\\..\..\Libs\gltools.lib" "C:\Users\David\New folder\Dropbox\Software Projects\Mop!\dev\GL POC\ShaderFUn\\..\..\Libs\freeglut_static.lib" "C:\Users\David\New folder\Dropbox\Software Projects\Mop!\dev\GL POC\ShaderFUn\\..\..\Libs\chipmunk.lib" "C:\Users\David\New folder\Dropbox\Software Projects\Mop!\dev\GL POC\ShaderFUn\\..\..\Libs\lua52.lib" "C:\Users\David\New folder\Dropbox\Software Projects\Mop!\dev\GL POC\ShaderFUn\\..\..\Libs\SOIL.lib" "C:\Users\David\New folder\Dropbox\Software Projects\Mop!\dev\GL POC\ShaderFUn\\..\..\Libs\irrKlang.lib" "C:\Users\David\New folder\Dropbox\Software Projects\Mop!\dev\GL POC\ShaderFUn\\..\..\Libs\glew32.lib" kernel32.lib user32.lib gdi32.lib winspool.lib comdlg32.lib advapi32.lib shell32.lib ole32.lib oleaut32.lib uuid.lib odbc32.lib odbccp32.lib /MANIFEST /MANIFESTUAC:"level='asInvoker' uiAccess='false'" /manifest:embed /DEBUG /PDB:"C:\Users\David\New folder\Dropbox\Software Projects\Mop!\dev\GL POC\ShaderFUn\Debug\ShaderFUn.pdb" /SUBSYSTEM:CONSOLE /TLBID:1 /DYNAMICBASE /NXCOMPAT /IMPLIB:"C:\Users\David\New folder\Dropbox\Software Projects\Mop!\dev\GL POC\ShaderFUn\Debug\ShaderFUn.lib" /MACHINE:X86 Debug\Circle.obj
         Debug\Dot.obj
         Debug\Framework.obj
         Debug\Graphics.obj
         Debug\Input.obj
         Debug\Line.obj
         Debug\Shader.obj
         Debug\Texture.obj
         Debug\cpuPositionOffset.obj
         Debug\main.obj
         ShaderFUn.vcxproj -> C:\Users\David\New folder\Dropbox\Software Projects\Mop!\dev\GL POC\ShaderFUn\Debug\ShaderFUn.exe
       FinalizeBuildStatus:
         Deleting file "Debug\ShaderFUn.tlog\unsuccessfulbuild".
         Touching "Debug\ShaderFUn.tlog\ShaderFUn.lastbuildstate".
     1>Done Building Project "C:\Users\David\New folder\Dropbox\Software Projects\Mop!\dev\GL POC\ShaderFUn\ShaderFUn\ShaderFUn.vcxproj" (Build target(s)).

Build succeeded.

Time Elapsed 00:00:01.03
